<?xml version="1.0" encoding="UTF-8"?>
<coverage generated="1637848221125" clover="3.2.0">
  <project timestamp="1637848221125" name="All files">
    <metrics statements="14" coveredstatements="13" conditionals="7" coveredconditionals="5" methods="4" coveredmethods="4" elements="25" coveredelements="22" complexity="0" loc="14" ncloc="14" packages="1" files="1" classes="1"/>
    <file name="recommendationService.js" path="/Users/reem/dev/taboola-widget/js/services/recommendationService.js">
      <metrics statements="14" coveredstatements="13" conditionals="7" coveredconditionals="5" methods="4" coveredmethods="4"/>
      <line num="2" count="1" type="stmt"/>
      <line num="3" count="1" type="stmt"/>
      <line num="13" count="1" type="stmt"/>
      <line num="14" count="1" type="stmt"/>
      <line num="15" count="1" type="stmt"/>
      <line num="17" count="1" type="stmt"/>
      <line num="18" count="1" type="cond" truecount="1" falsecount="1"/>
      <line num="19" count="1" type="cond" truecount="1" falsecount="1"/>
      <line num="20" count="1" type="cond" truecount="2" falsecount="0"/>
      <line num="22" count="0" type="stmt"/>
      <line num="27" count="1" type="stmt"/>
      <line num="31" count="1" type="stmt"/>
      <line num="33" count="6" type="stmt"/>
      <line num="38" count="1" type="stmt"/>
    </file>
  </project>
</coverage>
