{"/Users/reem/dev/taboola-widget/js/services/recommendationService.js": {"path":"/Users/reem/dev/taboola-widget/js/services/recommendationService.js","statementMap":{"0":{"start":{"line":2,"column":2},"end":{"line":2,"column":69}},"1":{"start":{"line":3,"column":27},"end":{"line":10,"column":1}},"2":{"start":{"line":13,"column":12},"end":{"line":13,"column":32}},"3":{"start":{"line":14,"column":16},"end":{"line":14,"column":35}},"4":{"start":{"line":15,"column":2},"end":{"line":15,"column":48}},"5":{"start":{"line":17,"column":2},"end":{"line":25,"column":4}},"6":{"start":{"line":18,"column":4},"end":{"line":24,"column":5}},"7":{"start":{"line":19,"column":6},"end":{"line":23,"column":7}},"8":{"start":{"line":20,"column":8},"end":{"line":20,"column":61}},"9":{"start":{"line":22,"column":8},"end":{"line":22,"column":29}},"10":{"start":{"line":27,"column":2},"end":{"line":27,"column":13}},"11":{"start":{"line":31,"column":2},"end":{"line":35,"column":15}},"12":{"start":{"line":33,"column":6},"end":{"line":33,"column":37}},"13":{"start":{"line":38,"column":0},"end":{"line":40,"column":2}}},"fnMap":{"0":{"name":"query","decl":{"start":{"line":12,"column":9},"end":{"line":12,"column":14}},"loc":{"start":{"line":12,"column":56},"end":{"line":28,"column":1}},"line":12},"1":{"name":"(anonymous_1)","decl":{"start":{"line":17,"column":27},"end":{"line":17,"column":28}},"loc":{"start":{"line":17,"column":39},"end":{"line":25,"column":3}},"line":17},"2":{"name":"queryString","decl":{"start":{"line":30,"column":9},"end":{"line":30,"column":20}},"loc":{"start":{"line":30,"column":29},"end":{"line":36,"column":1}},"line":30},"3":{"name":"(anonymous_3)","decl":{"start":{"line":32,"column":9},"end":{"line":32,"column":10}},"loc":{"start":{"line":32,"column":24},"end":{"line":34,"column":5}},"line":32}},"branchMap":{"0":{"loc":{"start":{"line":12,"column":25},"end":{"line":12,"column":54}},"type":"default-arg","locations":[{"start":{"line":12,"column":34},"end":{"line":12,"column":54}}],"line":12},"1":{"loc":{"start":{"line":18,"column":4},"end":{"line":24,"column":5}},"type":"if","locations":[{"start":{"line":18,"column":4},"end":{"line":24,"column":5}},{"start":{},"end":{}}],"line":18},"2":{"loc":{"start":{"line":19,"column":6},"end":{"line":23,"column":7}},"type":"if","locations":[{"start":{"line":19,"column":6},"end":{"line":23,"column":7}},{"start":{"line":21,"column":13},"end":{"line":23,"column":7}}],"line":19},"3":{"loc":{"start":{"line":20,"column":34},"end":{"line":20,"column":58}},"type":"binary-expr","locations":[{"start":{"line":20,"column":34},"end":{"line":20,"column":50}},{"start":{"line":20,"column":54},"end":{"line":20,"column":58}}],"line":20}},"s":{"0":1,"1":1,"2":1,"3":1,"4":1,"5":1,"6":1,"7":1,"8":1,"9":0,"10":1,"11":1,"12":6,"13":1},"f":{"0":1,"1":1,"2":1,"3":6},"b":{"0":[1],"1":[1,0],"2":[1,0],"3":[1,1]},"_coverageSchema":"1a1c01bbd47fc00a2c39e90264f33305004495a9","hash":"502ce46298064d84f6762e54e3416fc1c7e2f956"}
}
